Using pre-set license
Built from '2021.3/staging' branch; Version is '2021.3.14f1 (eee1884e7226) revision 15655304'; Using compiler version '192829333'; Build Type 'Release'
OS: 'Windows 10  (10.0.19045) 64bit Professional' Language: 'zh' Physical Memory: 32486 MB
BatchMode: 1, IsHumanControllingUs: 0, StartBugReporterOnCrash: 0, Is64bit: 1, IsPro: 1

COMMAND LINE ARGUMENTS:
F:\Unity\2021.3.14f1\Unity 2021.3.14f1\Editor\Unity.exe
-adb2
-batchMode
-noUpm
-name
AssetImportWorker0
-projectPath
F:/UnityProject/AnimationCompress
-logFile
Logs/AssetImportWorker0.log
-srvPort
51929
Successfully changed project path to: F:/UnityProject/AnimationCompress
F:/UnityProject/AnimationCompress
[UnityMemory] Configuration Parameters - Can be set up in boot.config
    "memorysetup-bucket-allocator-granularity=16"
    "memorysetup-bucket-allocator-bucket-count=8"
    "memorysetup-bucket-allocator-block-size=33554432"
    "memorysetup-bucket-allocator-block-count=8"
    "memorysetup-main-allocator-block-size=16777216"
    "memorysetup-thread-allocator-block-size=16777216"
    "memorysetup-gfx-main-allocator-block-size=16777216"
    "memorysetup-gfx-thread-allocator-block-size=16777216"
    "memorysetup-cache-allocator-block-size=4194304"
    "memorysetup-typetree-allocator-block-size=2097152"
    "memorysetup-profiler-bucket-allocator-granularity=16"
    "memorysetup-profiler-bucket-allocator-bucket-count=8"
    "memorysetup-profiler-bucket-allocator-block-size=33554432"
    "memorysetup-profiler-bucket-allocator-block-count=8"
    "memorysetup-profiler-allocator-block-size=16777216"
    "memorysetup-profiler-editor-allocator-block-size=1048576"
    "memorysetup-temp-allocator-size-main=16777216"
    "memorysetup-job-temp-allocator-block-size=2097152"
    "memorysetup-job-temp-allocator-block-size-background=1048576"
    "memorysetup-job-temp-allocator-reduction-small-platforms=262144"
    "memorysetup-temp-allocator-size-background-worker=32768"
    "memorysetup-temp-allocator-size-job-worker=262144"
    "memorysetup-temp-allocator-size-preload-manager=33554432"
    "memorysetup-temp-allocator-size-nav-mesh-worker=65536"
    "memorysetup-temp-allocator-size-audio-worker=65536"
    "memorysetup-temp-allocator-size-cloud-worker=32768"
    "memorysetup-temp-allocator-size-gi-baking-worker=262144"
    "memorysetup-temp-allocator-size-gfx=262144"
Refreshing native plugins compatible for Editor in 74.01 ms, found 3 plugins.
Preloading 0 native plugins for Editor in 0.00 ms.
Initialize engine version: 2021.3.14f1 (eee1884e7226)
[Subsystems] Discovering subsystems at path F:/Unity/2021.3.14f1/Unity 2021.3.14f1/Editor/Data/Resources/UnitySubsystems
[Subsystems] Discovering subsystems at path F:/UnityProject/AnimationCompress/Assets
GfxDevice: creating device client; threaded=0; jobified=0
Direct3D:
    Version:  Direct3D 11.0 [level 11.1]
    Renderer: NVIDIA GeForce GTX 1660 (ID=0x2184)
    Vendor:   NVIDIA
    VRAM:     5966 MB
    Driver:   32.0.15.6094
Initialize mono
Mono path[0] = 'F:/Unity/2021.3.14f1/Unity 2021.3.14f1/Editor/Data/Managed'
Mono path[1] = 'F:/Unity/2021.3.14f1/Unity 2021.3.14f1/Editor/Data/MonoBleedingEdge/lib/mono/unityjit-win32'
Mono config path = 'F:/Unity/2021.3.14f1/Unity 2021.3.14f1/Editor/Data/MonoBleedingEdge/etc'
Using monoOptions --debugger-agent=transport=dt_socket,embedding=1,server=y,suspend=n,address=127.0.0.1:56792
Begin MonoManager ReloadAssembly
Registering precompiled unity dll's ...
Register platform support module: F:/Unity/2021.3.14f1/Unity 2021.3.14f1/Editor/Data/PlaybackEngines/AndroidPlayer/UnityEditor.Android.Extensions.dll
Register platform support module: F:/Unity/2021.3.14f1/Unity 2021.3.14f1/Editor/Data/PlaybackEngines/iOSSupport/UnityEditor.iOS.Extensions.dll
Register platform support module: F:/Unity/2021.3.14f1/Unity 2021.3.14f1/Editor/Data/PlaybackEngines/WindowsStandaloneSupport/UnityEditor.WindowsStandalone.Extensions.dll
Registered in 0.004550 seconds.
Native extension for WindowsStandalone target not found
Native extension for iOS target not found
MissingMethodException: Method not found: void UnityEditor.PlayerSettings.RegisterPlatformIconProvider(UnityEditor.BuildTargetGroup,UnityEditor.IPlatformIconProvider)
  at UnityEditor.Modules.ModuleManager.InitializePlatformSupportModules () [0x0009d] in <6a5b55f2e18b419e9faedac06ac6af94>:0 

Refreshing native plugins compatible for Editor in 76.40 ms, found 3 plugins.
Preloading 0 native plugins for Editor in 0.00 ms.
Mono: successfully reloaded assembly
- Completed reload, in  0.540 seconds
Domain Reload Profiling:
	ReloadAssembly (541ms)
		BeginReloadAssembly (55ms)
			ExecutionOrderSort (0ms)
			DisableScriptedObjects (0ms)
			BackupInstance (0ms)
			ReleaseScriptingObjects (0ms)
			CreateAndSetChildDomain (1ms)
		EndReloadAssembly (397ms)
			LoadAssemblies (55ms)
			RebuildTransferFunctionScriptingTraits (0ms)
			SetupTypeCache (86ms)
			ReleaseScriptCaches (0ms)
			RebuildScriptCaches (23ms)
			SetupLoadedEditorAssemblies (243ms)
				LogAssemblyErrors (0ms)
				InitializePlatformSupportModulesInManaged (18ms)
				SetLoadedEditorAssemblies (0ms)
				RefreshPlugins (76ms)
				BeforeProcessingInitializeOnLoad (1ms)
				ProcessInitializeOnLoadAttributes (108ms)
				ProcessInitializeOnLoadMethodAttributes (39ms)
				AfterProcessingInitializeOnLoad (0ms)
				EditorAssembliesLoaded (0ms)
			ExecutionOrderSort2 (0ms)
			AwakeInstancesAfterBackupRestoration (0ms)
Native extension for WindowsStandalone target not found
Native extension for iOS target not found
MissingMethodException: Method not found: void UnityEditor.PlayerSettings.RegisterPlatformIconProvider(UnityEditor.BuildTargetGroup,UnityEditor.IPlatformIconProvider)
  at UnityEditor.Modules.ModuleManager.InitializePlatformSupportModules () [0x0009d] in <6a5b55f2e18b419e9faedac06ac6af94>:0 

Registering precompiled user dll's ...
Registered in 0.003855 seconds.
Begin MonoManager ReloadAssembly
Native extension for WindowsStandalone target not found
Native extension for iOS target not found
MissingMethodException: Method not found: void UnityEditor.PlayerSettings.RegisterPlatformIconProvider(UnityEditor.BuildTargetGroup,UnityEditor.IPlatformIconProvider)
  at UnityEditor.Modules.ModuleManager.InitializePlatformSupportModules () [0x0009d] in <6a5b55f2e18b419e9faedac06ac6af94>:0 

Refreshing native plugins compatible for Editor in 0.68 ms, found 3 plugins.
Preloading 0 native plugins for Editor in 0.00 ms.
Package Manager log level set to [2]
Mono: successfully reloaded assembly
- Completed reload, in  1.002 seconds
Domain Reload Profiling:
	ReloadAssembly (1003ms)
		BeginReloadAssembly (90ms)
			ExecutionOrderSort (0ms)
			DisableScriptedObjects (5ms)
			BackupInstance (0ms)
			ReleaseScriptingObjects (0ms)
			CreateAndSetChildDomain (17ms)
		EndReloadAssembly (813ms)
			LoadAssemblies (70ms)
			RebuildTransferFunctionScriptingTraits (0ms)
			SetupTypeCache (228ms)
			ReleaseScriptCaches (0ms)
			RebuildScriptCaches (59ms)
			SetupLoadedEditorAssemblies (412ms)
				LogAssemblyErrors (0ms)
				InitializePlatformSupportModulesInManaged (15ms)
				SetLoadedEditorAssemblies (0ms)
				RefreshPlugins (1ms)
				BeforeProcessingInitializeOnLoad (81ms)
				ProcessInitializeOnLoadAttributes (206ms)
				ProcessInitializeOnLoadMethodAttributes (105ms)
				AfterProcessingInitializeOnLoad (3ms)
				EditorAssembliesLoaded (0ms)
			ExecutionOrderSort2 (0ms)
			AwakeInstancesAfterBackupRestoration (6ms)
Native extension for WindowsStandalone target not found
Native extension for iOS target not found
MissingMethodException: Method not found: void UnityEditor.PlayerSettings.RegisterPlatformIconProvider(UnityEditor.BuildTargetGroup,UnityEditor.IPlatformIconProvider)
  at UnityEditor.Modules.ModuleManager.InitializePlatformSupportModules () [0x0009d] in <6a5b55f2e18b419e9faedac06ac6af94>:0 

========================================================================
Worker process is ready to serve import requests
Launched and connected shader compiler UnityShaderCompiler.exe after 0.04 seconds
Refreshing native plugins compatible for Editor in 0.67 ms, found 3 plugins.
Preloading 0 native plugins for Editor in 0.00 ms.
Unloading 4096 Unused Serialized files (Serialized files now loaded: 0)
Unloading 66 unused Assets / (57.2 KB). Loaded Objects now: 4525.
Memory consumption went from 136.9 MB to 136.8 MB.
Total: 6.210700 ms (FindLiveObjects: 0.246300 ms CreateObjectMapping: 0.122800 ms MarkObjects: 5.731400 ms  DeleteObjects: 0.108800 ms)

AssetImportParameters requested are different than current active one (requested -> active):
  custom:video-decoder-ogg-theora: a1e56fd34408186e4bbccfd4996cb3dc -> 
  custom:container-muxer-webm: aa71ff27fc2769a1b78a27578f13a17b -> 
  custom:container-demuxer-webm: 4f35f7cbe854078d1ac9338744f61a02 -> 
  custom:video-encoder-webm-vp8: eb34c28f22e8b96e1ab97ce403110664 -> 
  custom:audio-encoder-webm-vorbis: bf7c407c2cedff20999df2af8eb42d56 -> 
  custom:framework-win-MediaFoundation: 216162199b28c13a410421893ffa2e32 -> 
  custom:container-demuxer-ogg: 62fdf1f143b41e24485cea50d1cbac27 -> 
  custom:video-decoder-webm-vp8: 9c59270c3fd7afecdb556c50c9e8de78 -> 
  custom:audio-decoder-ogg-vorbis: bf7c407c2cedff20999df2af8eb42d56 -> 
========================================================================
Received Import Request.
  Time since last request: 1267999.851166 seconds.
  path: Assets/Scenes
  artifactKey: Guid(6ea315d0fd7389c41b19996891e99ae3) Importer(815301076,1909f56bfc062723c751e8b465ee728b)
Start importing Assets/Scenes using Guid(6ea315d0fd7389c41b19996891e99ae3) Importer(815301076,1909f56bfc062723c751e8b465ee728b)  -> (artifact id: 'b8193726cff86800c54781cdc6d54904') in 0.006428 seconds 
========================================================================
Received Import Request.
  Time since last request: 0.000028 seconds.
  path: Packages/com.unity.2d.sprite
  artifactKey: Guid(0901a6b758d060e9422c4f8d588d5895) Importer(815301076,1909f56bfc062723c751e8b465ee728b)
Start importing Packages/com.unity.2d.sprite using Guid(0901a6b758d060e9422c4f8d588d5895) Importer(815301076,1909f56bfc062723c751e8b465ee728b)  -> (artifact id: '2214c561e54f21afc32773d6d2893b48') in 0.001198 seconds 
========================================================================
Received Import Request.
  Time since last request: 0.083062 seconds.
  path: Assets/Scenes/SampleScene.unity
  artifactKey: Guid(9fc0d4010bbf28b4594072e72b8655ab) Importer(815301076,1909f56bfc062723c751e8b465ee728b)
Start importing Assets/Scenes/SampleScene.unity using Guid(9fc0d4010bbf28b4594072e72b8655ab) Importer(815301076,1909f56bfc062723c751e8b465ee728b)  -> (artifact id: 'e55ccaa32d8e5c1de03c07a5412c8c3c') in 0.001105 seconds 
========================================================================
Received Import Request.
  Time since last request: 1.401728 seconds.
  path: Assets/Resources/BillingMode.json
  artifactKey: Guid(db3e0de3e504cf64a8cee0021af0e604) Importer(815301076,1909f56bfc062723c751e8b465ee728b)
Start importing Assets/Resources/BillingMode.json using Guid(db3e0de3e504cf64a8cee0021af0e604) Importer(815301076,1909f56bfc062723c751e8b465ee728b)  -> (artifact id: '603013c0c9430e3d30d80a518fbffbdc') in 0.019376 seconds 
========================================================================
Received Import Request.
  Time since last request: 1.354981 seconds.
  path: Assets/Resources
  artifactKey: Guid(423d209e5601ba2478a4c7862a37a081) Importer(815301076,1909f56bfc062723c751e8b465ee728b)
Start importing Assets/Resources using Guid(423d209e5601ba2478a4c7862a37a081) Importer(815301076,1909f56bfc062723c751e8b465ee728b)  -> (artifact id: '86fcd538a15c6382a7bc6ed9b00b2259') in 0.001073 seconds 
========================================================================
Received Prepare
Registering precompiled user dll's ...
Registered in 0.003163 seconds.
Begin MonoManager ReloadAssembly
Native extension for WindowsStandalone target not found
Native extension for iOS target not found
MissingMethodException: Method not found: void UnityEditor.PlayerSettings.RegisterPlatformIconProvider(UnityEditor.BuildTargetGroup,UnityEditor.IPlatformIconProvider)
  at UnityEditor.Modules.ModuleManager.InitializePlatformSupportModules () [0x0009d] in <6a5b55f2e18b419e9faedac06ac6af94>:0 

Refreshing native plugins compatible for Editor in 0.72 ms, found 3 plugins.
Preloading 0 native plugins for Editor in 0.00 ms.
Mono: successfully reloaded assembly
- Completed reload, in  0.967 seconds
Domain Reload Profiling:
	ReloadAssembly (967ms)
		BeginReloadAssembly (118ms)
			ExecutionOrderSort (0ms)
			DisableScriptedObjects (6ms)
			BackupInstance (0ms)
			ReleaseScriptingObjects (0ms)
			CreateAndSetChildDomain (36ms)
		EndReloadAssembly (776ms)
			LoadAssemblies (71ms)
			RebuildTransferFunctionScriptingTraits (1ms)
			SetupTypeCache (218ms)
			ReleaseScriptCaches (1ms)
			RebuildScriptCaches (40ms)
			SetupLoadedEditorAssemblies (405ms)
				LogAssemblyErrors (0ms)
				InitializePlatformSupportModulesInManaged (24ms)
				SetLoadedEditorAssemblies (0ms)
				RefreshPlugins (1ms)
				BeforeProcessingInitializeOnLoad (68ms)
				ProcessInitializeOnLoadAttributes (195ms)
				ProcessInitializeOnLoadMethodAttributes (111ms)
				AfterProcessingInitializeOnLoad (6ms)
				EditorAssembliesLoaded (0ms)
			ExecutionOrderSort2 (0ms)
			AwakeInstancesAfterBackupRestoration (6ms)
Native extension for WindowsStandalone target not found
Native extension for iOS target not found
MissingMethodException: Method not found: void UnityEditor.PlayerSettings.RegisterPlatformIconProvider(UnityEditor.BuildTargetGroup,UnityEditor.IPlatformIconProvider)
  at UnityEditor.Modules.ModuleManager.InitializePlatformSupportModules () [0x0009d] in <6a5b55f2e18b419e9faedac06ac6af94>:0 

Refreshing native plugins compatible for Editor in 4.64 ms, found 3 plugins.
Preloading 0 native plugins for Editor in 0.00 ms.
Unloading 4090 Unused Serialized files (Serialized files now loaded: 0)
Unloading 55 unused Assets / (25.6 KB). Loaded Objects now: 4530.
Memory consumption went from 136.7 MB to 136.7 MB.
Total: 6.867900 ms (FindLiveObjects: 0.272100 ms CreateObjectMapping: 0.208600 ms MarkObjects: 6.341600 ms  DeleteObjects: 0.044400 ms)

AssetImportParameters requested are different than current active one (requested -> active):
  custom:video-decoder-ogg-theora: a1e56fd34408186e4bbccfd4996cb3dc -> 
  custom:container-muxer-webm: aa71ff27fc2769a1b78a27578f13a17b -> 
  custom:container-demuxer-webm: 4f35f7cbe854078d1ac9338744f61a02 -> 
  custom:video-encoder-webm-vp8: eb34c28f22e8b96e1ab97ce403110664 -> 
  custom:audio-encoder-webm-vorbis: bf7c407c2cedff20999df2af8eb42d56 -> 
  custom:framework-win-MediaFoundation: 216162199b28c13a410421893ffa2e32 -> 
  custom:container-demuxer-ogg: 62fdf1f143b41e24485cea50d1cbac27 -> 
  custom:video-decoder-webm-vp8: 9c59270c3fd7afecdb556c50c9e8de78 -> 
  custom:audio-decoder-ogg-vorbis: bf7c407c2cedff20999df2af8eb42d56 -> 
========================================================================
Received Import Request.
  Time since last request: 75.743734 seconds.
  path: Assets/Scenes/AnimAutoCompress
  artifactKey: Guid(f6f3c4e1bc033244abce67f0ba172090) Importer(815301076,1909f56bfc062723c751e8b465ee728b)
Start importing Assets/Scenes/AnimAutoCompress using Guid(f6f3c4e1bc033244abce67f0ba172090) Importer(815301076,1909f56bfc062723c751e8b465ee728b)  -> (artifact id: 'edcef0fb7d3187bb1df0029210c97bb0') in 0.005806 seconds 
========================================================================
Received Prepare
Registering precompiled user dll's ...
Registered in 0.003923 seconds.
Begin MonoManager ReloadAssembly
Native extension for WindowsStandalone target not found
Native extension for iOS target not found
MissingMethodException: Method not found: void UnityEditor.PlayerSettings.RegisterPlatformIconProvider(UnityEditor.BuildTargetGroup,UnityEditor.IPlatformIconProvider)
  at UnityEditor.Modules.ModuleManager.InitializePlatformSupportModules () [0x0009d] in <6a5b55f2e18b419e9faedac06ac6af94>:0 

Refreshing native plugins compatible for Editor in 0.67 ms, found 3 plugins.
Preloading 0 native plugins for Editor in 0.00 ms.
Mono: successfully reloaded assembly
- Completed reload, in  0.974 seconds
Domain Reload Profiling:
	ReloadAssembly (975ms)
		BeginReloadAssembly (118ms)
			ExecutionOrderSort (0ms)
			DisableScriptedObjects (5ms)
			BackupInstance (0ms)
			ReleaseScriptingObjects (0ms)
			CreateAndSetChildDomain (36ms)
		EndReloadAssembly (774ms)
			LoadAssemblies (71ms)
			RebuildTransferFunctionScriptingTraits (0ms)
			SetupTypeCache (245ms)
			ReleaseScriptCaches (1ms)
			RebuildScriptCaches (46ms)
			SetupLoadedEditorAssemblies (360ms)
				LogAssemblyErrors (0ms)
				InitializePlatformSupportModulesInManaged (22ms)
				SetLoadedEditorAssemblies (0ms)
				RefreshPlugins (1ms)
				BeforeProcessingInitializeOnLoad (66ms)
				ProcessInitializeOnLoadAttributes (166ms)
				ProcessInitializeOnLoadMethodAttributes (101ms)
				AfterProcessingInitializeOnLoad (3ms)
				EditorAssembliesLoaded (0ms)
			ExecutionOrderSort2 (0ms)
			AwakeInstancesAfterBackupRestoration (5ms)
Native extension for WindowsStandalone target not found
Native extension for iOS target not found
MissingMethodException: Method not found: void UnityEditor.PlayerSettings.RegisterPlatformIconProvider(UnityEditor.BuildTargetGroup,UnityEditor.IPlatformIconProvider)
  at UnityEditor.Modules.ModuleManager.InitializePlatformSupportModules () [0x0009d] in <6a5b55f2e18b419e9faedac06ac6af94>:0 

Refreshing native plugins compatible for Editor in 4.38 ms, found 3 plugins.
Preloading 0 native plugins for Editor in 0.00 ms.
Unloading 4090 Unused Serialized files (Serialized files now loaded: 0)
Unloading 55 unused Assets / (25.7 KB). Loaded Objects now: 4533.
Memory consumption went from 136.7 MB to 136.7 MB.
Total: 7.494000 ms (FindLiveObjects: 0.251700 ms CreateObjectMapping: 0.190900 ms MarkObjects: 6.997800 ms  DeleteObjects: 0.052700 ms)

AssetImportParameters requested are different than current active one (requested -> active):
  custom:video-decoder-ogg-theora: a1e56fd34408186e4bbccfd4996cb3dc -> 
  custom:container-muxer-webm: aa71ff27fc2769a1b78a27578f13a17b -> 
  custom:container-demuxer-webm: 4f35f7cbe854078d1ac9338744f61a02 -> 
  custom:video-encoder-webm-vp8: eb34c28f22e8b96e1ab97ce403110664 -> 
  custom:audio-encoder-webm-vorbis: bf7c407c2cedff20999df2af8eb42d56 -> 
  custom:framework-win-MediaFoundation: 216162199b28c13a410421893ffa2e32 -> 
  custom:container-demuxer-ogg: 62fdf1f143b41e24485cea50d1cbac27 -> 
  custom:video-decoder-webm-vp8: 9c59270c3fd7afecdb556c50c9e8de78 -> 
  custom:audio-decoder-ogg-vorbis: bf7c407c2cedff20999df2af8eb42d56 -> 
========================================================================
Received Import Request.
  Time since last request: 21.108632 seconds.
  path: Assets/AnimAutoCompress/Scene/TestAnimationScene.unity
  artifactKey: Guid(34a38d78a4c726e4d99663d7a3f7ca62) Importer(815301076,1909f56bfc062723c751e8b465ee728b)
Start importing Assets/AnimAutoCompress/Scene/TestAnimationScene.unity using Guid(34a38d78a4c726e4d99663d7a3f7ca62) Importer(815301076,1909f56bfc062723c751e8b465ee728b)  -> (artifact id: '0d42b605965747919700fd22e820bd80') in 0.007477 seconds 
========================================================================
Received Import Request.
  Time since last request: 18.120838 seconds.
  path: Assets/AnimAutoCompress/Scene
  artifactKey: Guid(c38446e0f6ea69a4b94fe54a01c93d10) Importer(815301076,1909f56bfc062723c751e8b465ee728b)
Start importing Assets/AnimAutoCompress/Scene using Guid(c38446e0f6ea69a4b94fe54a01c93d10) Importer(815301076,1909f56bfc062723c751e8b465ee728b)  -> (artifact id: '1cc07ac3ee456113b381693f0727785f') in 0.001650 seconds 
========================================================================
Received Import Request.
  Time since last request: 0.846597 seconds.
  path: Assets/AnimAutoCompress/TempAnimationClip
  artifactKey: Guid(edf411d0875595e4dbb8525221df31db) Importer(815301076,1909f56bfc062723c751e8b465ee728b)
Start importing Assets/AnimAutoCompress/TempAnimationClip using Guid(edf411d0875595e4dbb8525221df31db) Importer(815301076,1909f56bfc062723c751e8b465ee728b)  -> (artifact id: '8d9ff61cda0b87baadd7a8d66e6f0361') in 0.001327 seconds 
========================================================================
Received Import Request.
  Time since last request: 1.769888 seconds.
  path: Assets/AnimAutoCompress/Core/AnimAutoCompress.asset
  artifactKey: Guid(cf7903d6be5acdf4da53db6ad1e3ee71) Importer(815301076,1909f56bfc062723c751e8b465ee728b)
Start importing Assets/AnimAutoCompress/Core/AnimAutoCompress.asset using Guid(cf7903d6be5acdf4da53db6ad1e3ee71) Importer(815301076,1909f56bfc062723c751e8b465ee728b)  -> (artifact id: '334c0ef2f1b5aeddea13a84b9a047e4f') in 0.023525 seconds 
========================================================================
Received Import Request.
  Time since last request: 104.607159 seconds.
  path: Assets/AnimAutoCompress/Animation/Great Sword Jump Attack.fbx
  artifactKey: Guid(fb3a7738a6193174faf47a95bc43b008) Importer(815301076,1909f56bfc062723c751e8b465ee728b)
Start importing Assets/AnimAutoCompress/Animation/Great Sword Jump Attack.fbx using Guid(fb3a7738a6193174faf47a95bc43b008) Importer(815301076,1909f56bfc062723c751e8b465ee728b)  -> (artifact id: '85cf2580c54ae2941ea2faabe3a8878d') in 0.336394 seconds 
========================================================================
Received Import Request.
  Time since last request: 8.326407 seconds.
  path: Assets/AnimAutoCompress/Animation/Attack.fbx
  artifactKey: Guid(fb3a7738a6193174faf47a95bc43b008) Importer(815301076,1909f56bfc062723c751e8b465ee728b)
Start importing Assets/AnimAutoCompress/Animation/Attack.fbx using Guid(fb3a7738a6193174faf47a95bc43b008) Importer(815301076,1909f56bfc062723c751e8b465ee728b)  -> (artifact id: '5a28f56ff34c044974d1da50a16c07b8') in 0.031365 seconds 
========================================================================
Received Import Request.
  Time since last request: 0.632434 seconds.
  path: Assets/AnimAutoCompress/Animation/Great Sword Jump Attack Mask.mask
  artifactKey: Guid(15d64b15d08b78641ba194b5de7749ca) Importer(815301076,1909f56bfc062723c751e8b465ee728b)
Start importing Assets/AnimAutoCompress/Animation/Great Sword Jump Attack Mask.mask using Guid(15d64b15d08b78641ba194b5de7749ca) Importer(815301076,1909f56bfc062723c751e8b465ee728b)  -> (artifact id: '4ca9ad25f3477370e9598edc8fb19cc6') in 0.004367 seconds 
========================================================================
Received Import Request.
  Time since last request: 7.160532 seconds.
  path: Assets/AnimAutoCompress/Animation/AvatarMask.mask
  artifactKey: Guid(15d64b15d08b78641ba194b5de7749ca) Importer(815301076,1909f56bfc062723c751e8b465ee728b)
Start importing Assets/AnimAutoCompress/Animation/AvatarMask.mask using Guid(15d64b15d08b78641ba194b5de7749ca) Importer(815301076,1909f56bfc062723c751e8b465ee728b)  -> (artifact id: '98106099379da4fbd81fb2eb9c5635c3') in 0.001602 seconds 
========================================================================
Received Import Request.
  Time since last request: 8.984124 seconds.
  path: Assets/AnimAutoCompress/Scene/AnimationScene.unity
  artifactKey: Guid(34a38d78a4c726e4d99663d7a3f7ca62) Importer(815301076,1909f56bfc062723c751e8b465ee728b)
Start importing Assets/AnimAutoCompress/Scene/AnimationScene.unity using Guid(34a38d78a4c726e4d99663d7a3f7ca62) Importer(815301076,1909f56bfc062723c751e8b465ee728b)  -> (artifact id: '1d318ffccfdd412d4834bc8b3f986ad2') in 0.001309 seconds 
========================================================================
Received Import Request.
  Time since last request: 0.970585 seconds.
  path: Assets/AnimAutoCompress/TempAnimationClip/CompressScale.anim
  artifactKey: Guid(5ca7180a7e757da4eb59123c3b4fdf06) Importer(815301076,1909f56bfc062723c751e8b465ee728b)
Start importing Assets/AnimAutoCompress/TempAnimationClip/CompressScale.anim using Guid(5ca7180a7e757da4eb59123c3b4fdf06) Importer(815301076,1909f56bfc062723c751e8b465ee728b)  -> (artifact id: '5931523fb3a4df77a5a34e67c9ca6f5e') in 0.161951 seconds 
========================================================================
Received Import Request.
  Time since last request: 0.007377 seconds.
  path: Assets/AnimAutoCompress/TempAnimationClip/NoCompressIdle.anim
  artifactKey: Guid(ba3252c9cf18ff247ac2376275cdbe29) Importer(815301076,1909f56bfc062723c751e8b465ee728b)
Start importing Assets/AnimAutoCompress/TempAnimationClip/NoCompressIdle.anim using Guid(ba3252c9cf18ff247ac2376275cdbe29) Importer(815301076,1909f56bfc062723c751e8b465ee728b)  -> (artifact id: 'd2244c411e066dcfe2f58d2de129e196') in 0.555896 seconds 
========================================================================
Received Import Request.
  Time since last request: 1.407456 seconds.
  path: Assets/AnimAutoCompress/Core/AnimAutoCompress.cs
  artifactKey: Guid(9a50d280d560f2042b903e93206be25a) Importer(815301076,1909f56bfc062723c751e8b465ee728b)
Start importing Assets/AnimAutoCompress/Core/AnimAutoCompress.cs using Guid(9a50d280d560f2042b903e93206be25a) Importer(815301076,1909f56bfc062723c751e8b465ee728b)  -> (artifact id: '20a7183bf3bf6da60f0650ff260ba339') in 0.001803 seconds 
========================================================================
Received Import Request.
  Time since last request: 11.890642 seconds.
  path: Assets/TempAnimationClip/mixamo.com.anim
  artifactKey: Guid(f2b10086a3a3af34caf78a73945abafd) Importer(815301076,1909f56bfc062723c751e8b465ee728b)
Start importing Assets/TempAnimationClip/mixamo.com.anim using Guid(f2b10086a3a3af34caf78a73945abafd) Importer(815301076,1909f56bfc062723c751e8b465ee728b)  -> (artifact id: '091a60cb911670f38a648afb23991e7a') in 0.224607 seconds 
========================================================================
Received Import Request.
  Time since last request: 1.834672 seconds.
  path: Assets/TempAnimationClip
  artifactKey: Guid(f10559a744988794896b80aead0a8794) Importer(815301076,1909f56bfc062723c751e8b465ee728b)
Start importing Assets/TempAnimationClip using Guid(f10559a744988794896b80aead0a8794) Importer(815301076,1909f56bfc062723c751e8b465ee728b)  -> (artifact id: 'eb9474c4fbd85940bb7f6fbd6cc9c372') in 0.000757 seconds 
========================================================================
Received Import Request.
  Time since last request: 15.412618 seconds.
  path: Assets/AnimAutoCompress/Controller/CompressAttack.controller
  artifactKey: Guid(50d8a5846ac8e604ca6ef14cfdacfeeb) Importer(815301076,1909f56bfc062723c751e8b465ee728b)
Start importing Assets/AnimAutoCompress/Controller/CompressAttack.controller using Guid(50d8a5846ac8e604ca6ef14cfdacfeeb) Importer(815301076,1909f56bfc062723c751e8b465ee728b)  -> (artifact id: 'c066f9177db76364065ad3e4097849bd') in 0.010517 seconds 
========================================================================
Received Import Request.
  Time since last request: 1.289200 seconds.
  path: Assets/AnimAutoCompress/Animation/Idle.fbx
  artifactKey: Guid(fd79c2d82e39f2f4584e621cc4b62d72) Importer(815301076,1909f56bfc062723c751e8b465ee728b)
Start importing Assets/AnimAutoCompress/Animation/Idle.fbx using Guid(fd79c2d82e39f2f4584e621cc4b62d72) Importer(815301076,1909f56bfc062723c751e8b465ee728b)  -> (artifact id: 'ecb8f53fa86caa2c7d1efd8b28891d8d') in 0.038390 seconds 
========================================================================
Received Import Request.
  Time since last request: 0.264748 seconds.
  path: Assets/AnimAutoCompress/Controller
  artifactKey: Guid(9d2726f7495b02f4496e3028a0c4809b) Importer(815301076,1909f56bfc062723c751e8b465ee728b)
Start importing Assets/AnimAutoCompress/Controller using Guid(9d2726f7495b02f4496e3028a0c4809b) Importer(815301076,1909f56bfc062723c751e8b465ee728b)  -> (artifact id: '9bda69015de712a7e03c07b47084ff9e') in 0.001074 seconds 
========================================================================
Received Import Request.
  Time since last request: 2.793039 seconds.
  path: Assets/AnimAutoCompress/Core/AnimAutoCompress.asset
  artifactKey: Guid(cf7903d6be5acdf4da53db6ad1e3ee71) Importer(815301076,1909f56bfc062723c751e8b465ee728b)
Start importing Assets/AnimAutoCompress/Core/AnimAutoCompress.asset using Guid(cf7903d6be5acdf4da53db6ad1e3ee71) Importer(815301076,1909f56bfc062723c751e8b465ee728b)  -> (artifact id: 'eec6356cc5276806b25efe19674153b0') in 0.013345 seconds 
========================================================================
Received Import Request.
  Time since last request: 4.098303 seconds.
  path: Assets/AnimAutoCompress/Core/AnimAutoCompress.asset
  artifactKey: Guid(cf7903d6be5acdf4da53db6ad1e3ee71) Importer(815301076,1909f56bfc062723c751e8b465ee728b)
Start importing Assets/AnimAutoCompress/Core/AnimAutoCompress.asset using Guid(cf7903d6be5acdf4da53db6ad1e3ee71) Importer(815301076,1909f56bfc062723c751e8b465ee728b)  -> (artifact id: 'a8eb0d8b4938ed131d6e9ee43beb7b36') in 0.013244 seconds 
========================================================================
Received Import Request.
  Time since last request: 6.705948 seconds.
  path: Assets/AnimAutoCompress/Animation
  artifactKey: Guid(d371b09b3c388644bb6360fb0a0fe71a) Importer(815301076,1909f56bfc062723c751e8b465ee728b)
Start importing Assets/AnimAutoCompress/Animation using Guid(d371b09b3c388644bb6360fb0a0fe71a) Importer(815301076,1909f56bfc062723c751e8b465ee728b)  -> (artifact id: '5c0027d71c43b877d824a41076ee3961') in 0.001164 seconds 
========================================================================
Received Import Request.
  Time since last request: 6.933189 seconds.
  path: Assets/AnimAutoCompress/Material
  artifactKey: Guid(a80d4e529ed953a41a96f47605438545) Importer(815301076,1909f56bfc062723c751e8b465ee728b)
Start importing Assets/AnimAutoCompress/Material using Guid(a80d4e529ed953a41a96f47605438545) Importer(815301076,1909f56bfc062723c751e8b465ee728b)  -> (artifact id: 'c7ad4973c16178733a8374e443468c7d') in 0.001096 seconds 
